<?xml version="1.0" encoding="UTF-8"?>
<!-- Generated by org.testng.reporters.JUnitReportReporter -->
<testsuite hostname="DESKTOP-OKTJI84" failures="0" tests="4" name="MyTestCases4" time="17.101" errors="0" timestamp="2024-11-04T15:36:26 EET" skipped="3">
  <testcase classname="MyTestCases4" name="AddItemToTheCart" time="17.101"/>
  <system-out/>
  <testcase classname="MyTestCases4" name="Logout">
    <skipped/>
  </testcase> <!-- Logout -->
  <system-out/>
  <testcase classname="MyTestCases4" name="SignUp">
    <skipped/>
  </testcase> <!-- SignUp -->
  <system-out/>
  <testcase classname="MyTestCases4" name="Login">
    <skipped/>
  </testcase> <!-- Login -->
  <system-out/>
</testsuite> <!-- MyTestCases4 -->
